[    0.000000] Initializing cgroup subsys cpuset
[    0.000000] Initializing cgroup subsys cpu
[    0.000000] Initializing cgroup subsys cpuacct
[    0.000000] Linux version 4.4.0-210-generic (buildd@lgw01-amd64-009) (gcc version 5.4.0 20160609 (Ubuntu 5.4.0-6ubuntu1~16.04.12) ) #242-Ubuntu SMP Fri Apr 16 09:57:56 UTC 2021 (Ubuntu 4.4.0-210.242-generic 4.4.262)
[    0.000000] Command line: BOOT_IMAGE=/boot/vmlinuz-4.4.0-210-generic root=LABEL=cloudimg-rootfs ro console=tty1 console=ttyS0
[    0.000000] KERNEL supported cpus:
[    0.000000]   Intel GenuineIntel
[    0.000000]   AMD AuthenticAMD
[    0.000000]   Centaur CentaurHauls
[    0.000000] [Firmware Bug]: TSC doesn't count with P0 frequency!
[    0.000000] x86/fpu: xstate_offset[2]:  576, xstate_sizes[2]:  256
[    0.000000] x86/fpu: Supporting XSAVE feature 0x01: 'x87 floating point registers'
[    0.000000] x86/fpu: Supporting XSAVE feature 0x02: 'SSE registers'
[    0.000000] x86/fpu: Supporting XSAVE feature 0x04: 'AVX registers'
[    0.000000] x86/fpu: Enabled xstate features 0x7, context size is 832 bytes, using 'standard' format.
[    0.000000] e820: BIOS-provided physical RAM map:
[    0.000000] BIOS-e820: [mem 0x0000000000000000-0x000000000009fbff] usable
[    0.000000] BIOS-e820: [mem 0x000000000009fc00-0x000000000009ffff] reserved
[    0.000000] BIOS-e820: [mem 0x00000000000f0000-0x00000000000fffff] reserved
[    0.000000] BIOS-e820: [mem 0x0000000000100000-0x000000003ffeffff] usable
[    0.000000] BIOS-e820: [mem 0x000000003fff0000-0x000000003fffffff] ACPI data
[    0.000000] BIOS-e820: [mem 0x00000000fec00000-0x00000000fec00fff] reserved
[    0.000000] BIOS-e820: [mem 0x00000000fee00000-0x00000000fee00fff] reserved
[    0.000000] BIOS-e820: [mem 0x00000000fffc0000-0x00000000ffffffff] reserved
[    0.000000] NX (Execute Disable) protection: active
[    0.000000] SMBIOS 2.5 present.
[    0.000000] Hypervisor detected: KVM
[    0.000000] Kernel/User page tables isolation: disabled
[    0.000000] e820: last_pfn = 0x3fff0 max_arch_pfn = 0x400000000
[    0.000000] MTRR: Disabled
[    0.000000] x86/PAT: MTRRs disabled, skipping PAT initialization too.
[    0.000000] CPU MTRRs all blank - virtualized system.
[    0.000000] x86/PAT: Configuration [0-7]: WB  WT  UC- UC  WB  WT  UC- UC  
[    0.000000] found SMP MP-table at [mem 0x0009fff0-0x0009ffff] mapped at [ffff88000009fff0]
[    0.000000] Scanning 1 areas for low memory corruption
[    0.000000] RAMDISK: [mem 0x362dc000-0x37165fff]
[    0.000000] ACPI: Early table checksum verification disabled
[    0.000000] ACPI: RSDP 0x00000000000E0000 000024 (v02 VBOX  )
[    0.000000] ACPI: XSDT 0x000000003FFF0030 00003C (v01 VBOX   VBOXXSDT 00000001 ASL  00000061)
[    0.000000] ACPI: FACP 0x000000003FFF00F0 0000F4 (v04 VBOX   VBOXFACP 00000001 ASL  00000061)
[    0.000000] ACPI: DSDT 0x000000003FFF0470 002325 (v02 VBOX   VBOXBIOS 00000002 INTL 20100528)
[    0.000000] ACPI: FACS 0x000000003FFF0200 000040
[    0.000000] ACPI: FACS 0x000000003FFF0200 000040
[    0.000000] ACPI: APIC 0x000000003FFF0240 00005C (v02 VBOX   VBOXAPIC 00000001 ASL  00000061)
[    0.000000] ACPI: SSDT 0x000000003FFF02A0 0001CC (v01 VBOX   VBOXCPUT 00000002 INTL 20100528)
[    0.000000] No NUMA configuration found
[    0.000000] Faking a node at [mem 0x0000000000000000-0x000000003ffeffff]
[    0.000000] NODE_DATA(0) allocated [mem 0x3ffeb000-0x3ffeffff]
[    0.000000] kvm-clock: Using msrs 4b564d01 and 4b564d00
[    0.000000] kvm-clock: cpu 0, msr 0:3ffe3001, primary cpu clock
[    0.000000] kvm-clock: using sched offset of 3220899375 cycles
[    0.000000] clocksource: kvm-clock: mask: 0xffffffffffffffff max_cycles: 0x1cd42e4dffb, max_idle_ns: 881590591483 ns
[    0.000000] Zone ranges:
[    0.000000]   DMA      [mem 0x0000000000001000-0x0000000000ffffff]
[    0.000000]   DMA32    [mem 0x0000000001000000-0x000000003ffeffff]
[    0.000000]   Normal   empty
[    0.000000]   Device   empty
[    0.000000] Movable zone start for each node
[    0.000000] Early memory node ranges
[    0.000000]   node   0: [mem 0x0000000000001000-0x000000000009efff]
[    0.000000]   node   0: [mem 0x0000000000100000-0x000000003ffeffff]
[    0.000000] Initmem setup node 0 [mem 0x0000000000001000-0x000000003ffeffff]
[    0.000000] ACPI: PM-Timer IO Port: 0x4008
[    0.000000] IOAPIC[0]: apic_id 2, version 32, address 0xfec00000, GSI 0-23
[    0.000000] ACPI: INT_SRC_OVR (bus 0 bus_irq 0 global_irq 2 dfl dfl)
[    0.000000] ACPI: INT_SRC_OVR (bus 0 bus_irq 9 global_irq 9 low level)
[    0.000000] Using ACPI (MADT) for SMP configuration information
[    0.000000] smpboot: Allowing 2 CPUs, 0 hotplug CPUs
[    0.000000] PM: Registered nosave memory: [mem 0x00000000-0x00000fff]
[    0.000000] PM: Registered nosave memory: [mem 0x0009f000-0x0009ffff]
[    0.000000] PM: Registered nosave memory: [mem 0x000a0000-0x000effff]
[    0.000000] PM: Registered nosave memory: [mem 0x000f0000-0x000fffff]
[    0.000000] e820: [mem 0x40000000-0xfebfffff] available for PCI devices
[    0.000000] Booting paravirtualized kernel on KVM
[    0.000000] clocksource: refined-jiffies: mask: 0xffffffff max_cycles: 0xffffffff, max_idle_ns: 7645519600211568 ns
[    0.000000] setup_percpu: NR_CPUS:512 nr_cpumask_bits:512 nr_cpu_ids:2 nr_node_ids:1
[    0.000000] PERCPU: Embedded 33 pages/cpu @ffff88003fc00000 s95192 r8192 d31784 u1048576
[    0.000000] Built 1 zonelists in Node order, mobility grouping on.  Total pages: 257912
[    0.000000] Policy zone: DMA32
[    0.000000] Kernel command line: BOOT_IMAGE=/boot/vmlinuz-4.4.0-210-generic root=LABEL=cloudimg-rootfs ro console=tty1 console=ttyS0
[    0.000000] PID hash table entries: 4096 (order: 3, 32768 bytes)
[    0.000000] Memory: 997792K/1048120K available (8644K kernel code, 1332K rwdata, 4044K rodata, 1492K init, 1164K bss, 50328K reserved, 0K cma-reserved)
[    0.000000] SLUB: HWalign=64, Order=0-3, MinObjects=0, CPUs=2, Nodes=1
[    0.000000] Hierarchical RCU implementation.
[    0.000000] 	Build-time adjustment of leaf fanout to 64.
[    0.000000] 	RCU restricting CPUs from NR_CPUS=512 to nr_cpu_ids=2.
[    0.000000] RCU: Adjusting geometry for rcu_fanout_leaf=64, nr_cpu_ids=2
[    0.000000] NR_IRQS:33024 nr_irqs:440 16
[    0.000000] Console: colour VGA+ 80x25
[    0.000000] console [tty1] enabled
[    0.000000] console [ttyS0] enabled
[    0.000000] tsc: Detected 3699.994 MHz processor
[    0.132098] Calibrating delay loop (skipped) preset value.. 7399.98 BogoMIPS (lpj=14799976)
[    0.134384] pid_max: default: 32768 minimum: 301
[    0.135604] ACPI: Core revision 20150930
[    0.137835] ACPI: 2 ACPI AML tables successfully acquired and loaded
[    0.139603] Security Framework initialized
[    0.140677] Yama: becoming mindful.
[    0.141650] AppArmor: AppArmor initialized
[    0.142904] Dentry cache hash table entries: 131072 (order: 8, 1048576 bytes)
[    0.144508] Inode-cache hash table entries: 65536 (order: 7, 524288 bytes)
[    0.147377] Mount-cache hash table entries: 2048 (order: 2, 16384 bytes)
[    0.148772] Mountpoint-cache hash table entries: 2048 (order: 2, 16384 bytes)
[    0.150235] Initializing cgroup subsys io
[    0.150955] Initializing cgroup subsys memory
[    0.151862] Initializing cgroup subsys devices
[    0.152682] Initializing cgroup subsys freezer
[    0.153780] Initializing cgroup subsys net_cls
[    0.154636] Initializing cgroup subsys perf_event
[    0.155450] Initializing cgroup subsys net_prio
[    0.156353] Initializing cgroup subsys hugetlb
[    0.157295] Initializing cgroup subsys pids
[    0.163655] mce: CPU supports 0 MCE banks
[    0.164430] Last level iTLB entries: 4KB 1024, 2MB 1024, 4MB 512
[    0.165349] Last level dTLB entries: 4KB 1536, 2MB 1536, 4MB 768, 1GB 0
[    0.166346] Spectre V1 : Mitigation: usercopy/swapgs barriers and __user pointer sanitization
[    0.168143] Spectre V2 : Spectre mitigation: LFENCE not serializing, switching to generic retpoline
[    0.169984] Spectre V2 : Mitigation: Full generic retpoline
[    0.170988] Spectre V2 : Spectre v2 / SpectreRSB mitigation: Filling RSB on context switch
[    0.174904] Freeing SMP alternatives memory: 36K
[    0.181768] ftrace: allocating 32380 entries in 127 pages
[    0.242419] smpboot: APIC(0) Converting physical 0 to logical package 0
[    0.243802] smpboot: Max logical packages: 1
[    0.244780] x2apic enabled
[    0.245506] Switched APIC routing to physical x2apic.
[    0.247506] ..TIMER: vector=0x30 apic1=0 pin1=2 apic2=-1 pin2=-1
[    0.356615] smpboot: CPU0: AMD Ryzen 5 1600X Six-Core Processor (family: 0x17, model: 0x1, stepping: 0x1)
[    0.358469] Performance Events: Broken PMU hardware detected, using software events only.
[    0.360043] Failed to access perfctr msr (MSR c0010007 is 0)
[    0.367081] KVM setup paravirtual spinlock
[    0.368464] x86: Booting SMP configuration:
[    0.369210] .... node  #0, CPUs:      #1
[    0.370045] kvm-clock: cpu 1, msr 0:3ffe3041, secondary cpu clock
[    0.376152] mce: CPU supports 0 MCE banks
[    0.378778] x86: Booted up 1 node, 2 CPUs
[    0.379627] smpboot: Total of 2 processors activated (14799.97 BogoMIPS)
[    0.381106] devtmpfs: initialized
[    0.383198] evm: security.selinux
[    0.383850] evm: security.SMACK64
[    0.384457] evm: security.SMACK64EXEC
[    0.385109] evm: security.SMACK64TRANSMUTE
[    0.385796] evm: security.SMACK64MMAP
[    0.386422] evm: security.ima
[    0.387006] evm: security.capability
[    0.389291] clocksource: jiffies: mask: 0xffffffff max_cycles: 0xffffffff, max_idle_ns: 7645041785100000 ns
[    0.390848] futex hash table entries: 512 (order: 3, 32768 bytes)
[    0.391952] pinctrl core: initialized pinctrl subsystem
[    0.392946] RTC time: 11:40:02, date: 10/15/22
[    0.393938] NET: Registered protocol family 16
[    0.411853] cpuidle: using governor ladder
[    0.426845] cpuidle: using governor menu
[    0.427541] PCCT header not found.
[    0.428470] ACPI: bus type PCI registered
[    0.429204] acpiphp: ACPI Hot Plug PCI Controller Driver version: 0.5
[    0.430254] PCI: Using configuration type 1 for base access
[    0.431186] PCI: Using configuration type 1 for extended access
[    0.445005] ACPI: Added _OSI(Module Device)
[    0.445794] ACPI: Added _OSI(Processor Device)
[    0.446641] ACPI: Added _OSI(3.0 _SCP Extensions)
[    0.447495] ACPI: Added _OSI(Processor Aggregator Device)
[    0.448835] ACPI: Executed 1 blocks of module-level executable AML code
[    0.451511] ACPI: Interpreter enabled
[    0.452150] ACPI: (supports S0 S5)
[    0.452783] ACPI: Using IOAPIC for interrupt routing
[    0.453704] PCI: Using host bridge windows from ACPI; if necessary, use "pci=nocrs" and report a bug
[    0.458130] ACPI: PCI Root Bridge [PCI0] (domain 0000 [bus 00-ff])
[    0.459163] acpi PNP0A03:00: _OSC: OS supports [ExtendedConfig ASPM ClockPM Segments MSI]
[    0.461063] acpi PNP0A03:00: _OSC: platform does not support [PCIeCapability]
[    0.462531] acpi PNP0A03:00: _OSC: not requesting control; platform does not support [PCIeCapability]
[    0.464041] acpi PNP0A03:00: _OSC: OS requested [PCIeHotplug PME AER PCIeCapability]
[    0.465366] acpi PNP0A03:00: _OSC: platform willing to grant [PCIeHotplug PME AER]
[    0.466654] acpi PNP0A03:00: _OSC failed (AE_SUPPORT); disabling ASPM
[    0.468000] PCI host bridge to bus 0000:00
[    0.468739] pci_bus 0000:00: root bus resource [io  0x0000-0x0cf7 window]
[    0.469776] pci_bus 0000:00: root bus resource [io  0x0d00-0xffff window]
[    0.470865] pci_bus 0000:00: root bus resource [mem 0x000a0000-0x000bffff window]
[    0.479823] pci_bus 0000:00: root bus resource [mem 0x40000000-0xfdffffff window]
[    0.481220] pci_bus 0000:00: root bus resource [bus 00-ff]
[    0.483742] pci 0000:00:01.1: legacy IDE quirk: reg 0x10: [io  0x01f0-0x01f7]
[    0.484911] pci 0000:00:01.1: legacy IDE quirk: reg 0x14: [io  0x03f6]
[    0.485960] pci 0000:00:01.1: legacy IDE quirk: reg 0x18: [io  0x0170-0x0177]
[    0.487139] pci 0000:00:01.1: legacy IDE quirk: reg 0x1c: [io  0x0376]
[    0.496803] pci 0000:00:07.0: quirk: [io  0x4000-0x403f] claimed by PIIX4 ACPI
[    0.498112] pci 0000:00:07.0: quirk: [io  0x4100-0x410f] claimed by PIIX4 SMB
[    0.502251] ACPI: PCI Interrupt Link [LNKA] (IRQs 5 9 10 *11)
[    0.503738] ACPI: PCI Interrupt Link [LNKB] (IRQs 5 9 *10 11)
[    0.505017] ACPI: PCI Interrupt Link [LNKC] (IRQs 5 *9 10 11)
[    0.506329] ACPI: PCI Interrupt Link [LNKD] (IRQs 5 9 10 *11)
[    0.507720] ACPI: Enabled 2 GPEs in block 00 to 07
[    0.508899] vgaarb: setting as boot device: PCI:0000:00:02.0
[    0.509788] vgaarb: device added: PCI:0000:00:02.0,decodes=io+mem,owns=io+mem,locks=none
[    0.511259] vgaarb: loaded
[    0.511842] vgaarb: bridge control possible 0000:00:02.0
[    0.512995] SCSI subsystem initialized
[    0.513781] ACPI: bus type USB registered
[    0.514502] usbcore: registered new interface driver usbfs
[    0.515372] usbcore: registered new interface driver hub
[    0.516233] usbcore: registered new device driver usb
[    0.517267] PCI: Using ACPI for IRQ routing
[    0.518211] NetLabel: Initializing
[    0.518837] NetLabel:  domain hash size = 128
[    0.519571] NetLabel:  protocols = UNLABELED CIPSOv4
[    0.520642] NetLabel:  unlabeled traffic allowed by default
[    0.521958] amd_nb: Cannot enumerate AMD northbridges
[    0.523082] clocksource: Switched to clocksource kvm-clock
[    0.531074] AppArmor: AppArmor Filesystem Enabled
[    0.532055] pnp: PnP ACPI init
[    0.533435] pnp: PnP ACPI: found 3 devices
[    0.542704] clocksource: acpi_pm: mask: 0xffffff max_cycles: 0xffffff, max_idle_ns: 2085701024 ns
[    0.544260] NET: Registered protocol family 2
[    0.545126] TCP established hash table entries: 8192 (order: 4, 65536 bytes)
[    0.546504] TCP bind hash table entries: 8192 (order: 5, 131072 bytes)
[    0.547795] TCP: Hash tables configured (established 8192 bind 8192)
[    0.548993] UDP hash table entries: 512 (order: 2, 16384 bytes)
[    0.550045] UDP-Lite hash table entries: 512 (order: 2, 16384 bytes)
[    0.551306] NET: Registered protocol family 1
[    0.552116] pci 0000:00:00.0: Limiting direct PCI/PCI transfers
[    0.553306] pci 0000:00:01.0: Activating ISA DMA hang workarounds
[    0.555740] Unpacking initramfs...
[    0.761574] Freeing initrd memory: 14888K
[    0.762448] clocksource: tsc: mask: 0xffffffffffffffff max_cycles: 0x6aaaa0aaab9, max_idle_ns: 881590758500 ns
[    0.764229] platform rtc_cmos: registered platform RTC device (no PNP device found)
[    0.765565] Scanning for low memory corruption every 60 seconds
[    0.766832] audit: initializing netlink subsys (disabled)
[    0.767799] audit: type=2000 audit(1665834007.500:1): initialized
[    0.768972] Initialise system trusted keyring
[    0.769892] HugeTLB registered 2 MB page size, pre-allocated 0 pages
[    0.771778] zbud: loaded
[    0.772708] VFS: Disk quotas dquot_6.6.0
[    0.773500] VFS: Dquot-cache hash table entries: 512 (order 0, 4096 bytes)
[    0.774888] squashfs: version 4.0 (2009/01/31) Phillip Lougher
[    0.776154] fuse init (API version 7.23)
[    0.778284] Key type big_key registered
[    0.779109] Allocating IMA MOK and blacklist keyrings.
[    0.781366] Key type asymmetric registered
[    0.782081] Asymmetric key parser 'x509' registered
[    0.782916] Block layer SCSI generic (bsg) driver version 0.4 loaded (major 249)
[    0.784269] io scheduler noop registered
[    0.784958] io scheduler deadline registered (default)
[    0.785889] io scheduler cfq registered
[    0.786644] pci_hotplug: PCI Hot Plug PCI Core version: 0.5
[    0.787548] pciehp: PCI Express Hot Plug Controller Driver version: 0.4
[    0.788646] ACPI: AC Adapter [AC] (on-line)
[    0.789462] input: Power Button as /devices/LNXSYSTM:00/LNXPWRBN:00/input/input0
[    0.790839] ACPI: Power Button [PWRF]
[    0.791567] input: Sleep Button as /devices/LNXSYSTM:00/LNXSLPBN:00/input/input1
[    0.792968] ACPI: Sleep Button [SLPF]
[    0.793798] GHES: HEST is not enabled!
[    0.794611] Serial: 8250/16550 driver, 32 ports, IRQ sharing enabled
[    0.816119] 00:02: ttyS0 at I/O 0x3f8 (irq = 4, base_baud = 115200) is a 16550A
[    0.819361] Linux agpgart interface v0.103
[    0.821875] loop: module loaded
[    0.822897] scsi host0: ata_piix
[    0.823622] scsi host1: ata_piix
[    0.824257] ata1: PATA max UDMA/33 cmd 0x1f0 ctl 0x3f6 bmdma 0xd000 irq 14
[    0.825330] ata2: PATA max UDMA/33 cmd 0x170 ctl 0x376 bmdma 0xd008 irq 15
[    0.826444] libphy: Fixed MDIO Bus: probed
[    0.827414] tun: Universal TUN/TAP device driver, 1.6
[    0.828536] tun: (C) 1999-2004 Max Krasnyansky <maxk@qualcomm.com>
[    0.829808] PPP generic driver version 2.4.2
[    0.830596] ehci_hcd: USB 2.0 'Enhanced' Host Controller (EHCI) Driver
[    0.831606] ehci-pci: EHCI PCI platform driver
[    0.832342] ehci-platform: EHCI generic platform driver
[    0.833205] ohci_hcd: USB 1.1 'Open' Host Controller (OHCI) Driver
[    0.834186] ohci-pci: OHCI PCI platform driver
[    0.834971] ohci-platform: OHCI generic platform driver
[    0.836093] uhci_hcd: USB Universal Host Controller Interface driver
[    0.837409] i8042: PNP: PS/2 Controller [PNP0303:PS2K,PNP0f03:PS2M] at 0x60,0x64 irq 1,12
[    0.839638] serio: i8042 KBD port at 0x60,0x64 irq 1
[    0.840740] serio: i8042 AUX port at 0x60,0x64 irq 12
[    0.842005] mousedev: PS/2 mouse device common for all mice
[    0.843791] rtc_cmos rtc_cmos: rtc core: registered rtc_cmos as rtc0
[    0.844991] input: AT Translated Set 2 keyboard as /devices/platform/i8042/serio0/input/input2
[    0.846478] rtc_cmos rtc_cmos: alarms up to one day, 114 bytes nvram
[    0.847596] i2c /dev entries driver
[    0.848264] device-mapper: uevent: version 1.0.3
[    0.849133] device-mapper: ioctl: 4.34.0-ioctl (2015-10-28) initialised: dm-devel@redhat.com
[    0.850578] ledtrig-cpu: registered to indicate activity on CPUs
[    0.852039] NET: Registered protocol family 10
[    0.853191] NET: Registered protocol family 17
[    0.854019] Key type dns_resolver registered
[    0.855209] registered taskstats version 1
[    0.855918] Loading compiled-in X.509 certificates
[    0.857147] Loaded X.509 cert 'Build time autogenerated kernel key: cf00e047681d67edb2720680708b7d9498083038'
[    0.858684] zswap: loaded using pool lzo/zbud
[    0.860836] Key type trusted registered
[    0.863834] Key type encrypted registered
[    0.864520] AppArmor: AppArmor sha1 policy hashing enabled
[    0.865391] ima: No TPM chip found, activating TPM-bypass!
[    0.866240] ima: Allocated hash algorithm: sha1
[    0.867005] evm: HMAC attrs: 0x1
[    0.867876]   Magic number: 10:450:681
[    0.868637] rtc_cmos rtc_cmos: setting system clock to 2022-10-15 11:40:03 UTC (1665834003)
[    0.870224] BIOS EDD facility v0.16 2004-Jun-25, 0 devices found
[    0.871126] EDD information not available.
[    1.793095] Freeing unused kernel memory: 1492K
[    1.807972] Write protecting the kernel read-only data: 14336k
[    1.809424] Freeing unused kernel memory: 1584K
[    1.810321] Freeing unused kernel memory: 52K
Loading, please wait...
starting version 229
[    1.820410] random: systemd-udevd: uninitialized urandom read (16 bytes read, 3 bits of entropy available)
[    1.820878] random: udevadm: uninitialized urandom read (16 bytes read, 3 bits of entropy available)
[    1.820894] random: udevadm: uninitialized urandom read (16 bytes read, 3 bits of entropy available)
[    1.826611] random: systemd-udevd: uninitialized urandom read (16 bytes read, 3 bits of entropy available)
[    1.827689] random: udevadm: uninitialized urandom read (16 bytes read, 3 bits of entropy available)
[    1.827726] random: udevadm: uninitialized urandom read (16 bytes read, 3 bits of entropy available)
[    1.827828] random: udevadm: uninitialized urandom read (16 bytes read, 3 bits of entropy available)
[    1.827870] random: udevadm: uninitialized urandom read (16 bytes read, 3 bits of entropy available)
[    1.827909] random: udevadm: uninitialized urandom read (16 bytes read, 3 bits of entropy available)
[    1.827949] random: udevadm: uninitialized urandom read (16 bytes read, 3 bits of entropy available)
[    1.859169] Fusion MPT base driver 3.04.20
[    1.860035] Copyright (c) 1999-2008 LSI Corporation
[    1.861087] e1000: Intel(R) PRO/1000 Network Driver - version 7.3.21-k8-NAPI
[    1.862180] e1000: Copyright (c) 1999-2006 Intel Corporation.
[    1.866239] Fusion MPT SPI Host driver 3.04.20
[    1.885749] AVX2 version of gcm_enc/dec engaged.
[    1.886610] AES CTR mode by8 optimization enabled
[    2.709292] input: ImExPS/2 Generic Explorer Mouse as /devices/platform/i8042/serio1/input/input4
[    2.731034] e1000 0000:00:03.0 eth0: (PCI:33MHz:32-bit) 02:be:82:6b:cc:1d
[    2.732111] e1000 0000:00:03.0 eth0: Intel(R) PRO/1000 Network Connection
[    2.733787] mptbase: ioc0: Initiating bringup
[    2.734077] e1000 0000:00:03.0 enp0s3: renamed from eth0
[    2.973244] ioc0: LSI53C1030 A0: Capabilities={Initiator}
[    5.090593] scsi host2: ioc0: LSI53C1030 A0, FwRev=00000000h, Ports=1, MaxQ=256, IRQ=20
[    6.775993] scsi 2:0:0:0: Direct-Access     VBOX     HARDDISK         1.0  PQ: 0 ANSI: 5
[    6.777577] scsi target2:0:0: Beginning Domain Validation
[    6.779643] scsi target2:0:0: Domain Validation skipping write tests
[    6.780628] scsi target2:0:0: Ending Domain Validation
[    6.789263] scsi target2:0:0: asynchronous
[    6.790472] scsi 2:0:1:0: Direct-Access     VBOX     HARDDISK         1.0  PQ: 0 ANSI: 5
[    6.791871] scsi target2:0:1: Beginning Domain Validation
[    6.793360] scsi target2:0:1: Domain Validation skipping write tests
[    6.794356] scsi target2:0:1: Ending Domain Validation
[    6.795314] scsi target2:0:1: asynchronous
[    6.801161] sd 2:0:0:0: Attached scsi generic sg0 type 0
[    6.802113] sd 2:0:0:0: [sda] 83886080 512-byte logical blocks: (42.9 GB/40.0 GiB)
[    6.803680] sd 2:0:1:0: [sdb] 20480 512-byte logical blocks: (10.5 MB/10.0 MiB)
[    6.803916] sd 2:0:0:0: [sda] Write Protect is off
[    6.803999] sd 2:0:0:0: [sda] Incomplete mode parameter data
[    6.804000] sd 2:0:0:0: [sda] Assuming drive cache: write through
[    6.808479] sd 2:0:1:0: Attached scsi generic sg1 type 0
[    6.809151]  sda: sda1
[    6.809622] sd 2:0:0:0: [sda] Attached SCSI disk
[    6.810973] sd 2:0:1:0: [sdb] Write Protect is off
[    6.811853] sd 2:0:1:0: [sdb] Incomplete mode parameter data
[    6.812801] sd 2:0:1:0: [sdb] Assuming drive cache: write through
[    6.816083] sd 2:0:1:0: [sdb] Attached SCSI disk
Begin: Loading essential drivers ... [    8.096732] md: linear personality registered for level -1
[    8.099272] md: multipath personality registered for level -4
[    8.101665] md: raid0 personality registered for level 0
[    8.104917] md: raid1 personality registered for level 1
[    8.176150] raid6: sse2x1   gen()  7558 MB/s
[    8.243527] raid6: sse2x1   xor()  7619 MB/s
[    8.311100] raid6: sse2x2   gen() 15673 MB/s
[    8.379273] raid6: sse2x2   xor() 10033 MB/s
[    8.447664] raid6: sse2x4   gen() 15515 MB/s
[    8.515105] raid6: sse2x4   xor()  8135 MB/s
[    8.583410] raid6: avx2x1   gen() 15472 MB/s
[    8.651743] raid6: avx2x2   gen() 21071 MB/s
[    8.719157] raid6: avx2x4   gen() 19105 MB/s
[    8.720419] raid6: using algorithm avx2x2 gen() 21071 MB/s
[    8.721302] raid6: using avx2x2 recovery algorithm
[    8.723425] xor: automatically using best checksumming function:
[    8.763162]    avx       : 11035.000 MB/sec
[    8.766247] async_tx: api initialized (async)
[    8.775354] md: raid6 personality registered for level 6
[    8.777335] md: raid5 personality registered for level 5
[    8.779273] md: raid4 personality registered for level 4
[    8.787916] md: raid10 personality registered for level 10
done.
Begin: Running /scripts/init-premount ... done.
Begin: Mounting root file system ... Begin: Running /scripts/local-top ... done.
Begin: Running /scripts/local-premount ... [    8.825056] Btrfs loaded
Scanning for Btrfs filesystems
done.
Warning: fsck not present, so skipping root file system
[    8.866088] EXT4-fs (sda1): mounted filesystem with ordered data mode. Opts: (null)
done.
Begin: Running /scripts/local-bottom ... done.
Begin: Running /scripts/init-bottom ... done.
[    8.981251] systemd[1]: systemd 229 running in system mode. (+PAM +AUDIT +SELINUX +IMA +APPARMOR +SMACK +SYSVINIT +UTMP +LIBCRYPTSETUP +GCRYPT +GNUTLS +ACL +XZ -LZ4 +SECCOMP +BLKID +ELFUTILS +KMOD -IDN)
[    8.984640] systemd[1]: Detected virtualization oracle.
[    8.985824] systemd[1]: Detected architecture x86-64.

Welcome to [1mUbuntu 16.04.7 LTS[0m!

[    8.990445] systemd[1]: Set hostname to <ubuntu-xenial>.
[    9.133488] systemd[1]: Reached target System Time Synchronized.
[[0;32m  OK  [0m] Reached target System Time Synchronized.
[    9.135259] systemd[1]: Listening on udev Kernel Socket.
[[0;32m  OK  [0m] Listening on udev Kernel Socket.
[    9.136857] systemd[1]: Reached target Encrypted Volumes.
[[0;32m  OK  [0m] Reached target Encrypted Volumes.
[    9.138379] systemd[1]: Listening on LVM2 poll daemon socket.
[[0;32m  OK  [0m] Listening on LVM2 poll daemon socket.
[    9.140652] systemd[1]: Created slice System Slice.
[[0;32m  OK  [0m] Created slice System Slice.
[    9.142431] systemd[1]: Created slice system-serial\x2dgetty.slice.
[[0;32m  OK  [0m] Created slice system-serial\x2dgetty.slice.
[    9.151939] systemd[1]: Listening on Device-mapper event daemon FIFOs.
[[0;32m  OK  [0m] Listening on Device-mapper event daemon FIFOs.
[    9.153895] systemd[1]: Listening on udev Control Socket.
[[0;32m  OK  [0m] Listening on udev Control Socket.
[    9.155569] systemd[1]: Listening on /dev/initctl Compatibility Named Pipe.
[[0;32m  OK  [0m] Listening on /dev/initctl Compatibility Named Pipe.
[    9.157725] systemd[1]: Set up automount Arbitrary Executable File Formats File System Automount Point.
[[0;32m  OK  [0m] Set up automount Arbitrary Executab...ats File System Automount Point.
[    9.160391] systemd[1]: Listening on Syslog Socket.
[[0;32m  OK  [0m] Listening on Syslog Socket.
[    9.167547] systemd[1]: Listening on Journal Socket.
[[0;32m  OK  [0m] Listening on Journal Socket.
[    9.179194] systemd[1]: Mounting Debug File System...
         Mounting Debug File System...
[    9.182682] systemd[1]: Starting Load Kernel Modules...
         Starting Load Kernel Modules...
[    9.190494] Loading iSCSI transport class v2.0-870.
[    9.192178] systemd[1]: Starting Set console keymap...
         Starting Set console keymap...
[    9.194625] systemd[1]: Starting Create list of required static device nodes for the current kernel...
         Starting Create list of required st... nodes for the current kernel...
[    9.198523] systemd[1]: Starting Uncomplicated firewall...
         Starting Uncomplicated firewall...
[    9.201908] iscsi: registered transport (tcp)
[    9.202227] systemd[1]: Mounting Huge Pages File System...
         Mounting Huge Pages File System...
[    9.204771] systemd[1]: Reached target Swap.
[[0;32m  OK  [0m] Reached target Swap.
[    9.207850] systemd[1]: Listening on Journal Audit Socket.
[[0;32m  OK  [0m] Listening on Journal Audit Socket.
[    9.209719] systemd[1]: Reached target User and Group Name Lookups.
[[0;32m  OK  [0m] Reached target User and Group Name Lookups.
[    9.215398] systemd[1]: Created slice User and Session Slice.
[[0;32m  OK  [0m] Created slice User and Session Slice.
[    9.217590] systemd[1]: Reached target Slices.
[[0;32m  OK  [0m] Reached target Slices.
[    9.219079] systemd[1]: Listening on LVM2 metadata daemon socket.
[[0;32m  OK  [0m] Listening on LVM2 metadata daemon socket.
[    9.233668] iscsi: registered transport (iser)
[    9.235907] systemd[1]: Starting Monitoring of LVM2 mirrors, snapshots etc. using dmeventd or progress polling...
         Starting Monitoring of LVM2 mirrors... dmeventd or progress polling...
[    9.239368] systemd[1]: Starting Nameserver information manager...
         Starting Nameserver information manager...
[    9.242376] systemd[1]: Started Trigger resolvconf update for networkd DNS.
[[0;32m  OK  [0m] Started Trigger resolvconf update for networkd DNS.
[    9.245378] systemd[1]: Listening on fsck to fsckd communication Socket.
[[0;32m  OK  [0m] Listening on fsck to fsckd communication Socket.
[    9.247641] systemd[1]: Listening on Journal Socket (/dev/log).
[[0;32m  OK  [0m] Listening on Journal Socket (/dev/log).
[    9.250086] systemd[1]: Starting Journal Service...
         Starting Journal Service...
[    9.252363] systemd[1]: Starting File System Check on Root Device...
         Starting File System Check on Root Device...
[    9.255514] systemd[1]: Mounting POSIX Message Queue File System...
         Mounting POSIX Message Queue File System...
[    9.257421] systemd[1]: Started Forward Password Requests to Wall Directory Watch.
[[0;32m  OK  [0m] Started Forward Password Requests to Wall Directory Watch.
[    9.261045] systemd[1]: Mounted Huge Pages File System.
[[0;32m  OK  [0m] Mounted Huge Pages File System.
[    9.264618] systemd[1]: Mounted POSIX Message Queue File System.
[[0;32m  OK  [0m] Mounted POSIX Message Queue File System.
[    9.267012] systemd[1]: Mounted Debug File System.
[[0;32m  OK  [0m] Mounted Debug File System.
[    9.269415] systemd[1]: Started Load Kernel Modules.
[[0;32m  OK  [0m] Started Load Kernel Modules.
[    9.271696] systemd[1]: Started Set console keymap.
[[0;32m  OK  [0m] Started Set console keymap.
[    9.274378] systemd[1]: Started Create list of required static device nodes for the current kernel.
[[0;32m  OK  [0m] Started Create list of required sta...ce nodes for the current kernel.
[    9.278017] systemd[1]: Started Uncomplicated firewall.
[[0;32m  OK  [0m] Started Uncomplicated firewall.
[    9.281868] systemd[1]: Started Journal Service.
[[0;32m  OK  [0m] Started Journal Service.
[[0;32m  OK  [0m] Started File System Check on Root Device.
[[0;32m  OK  [0m] Started Nameserver information manager.
[[0;32m  OK  [0m] Started LVM2 metadata daemon.
[[0;32m  OK  [0m] Started File System Check Daemon to report status.
         Starting Remount Root and Kernel File Systems...
         Starting Create Static Device Nodes in /dev...
[    9.296558] EXT4-fs (sda1): re-mounted. Opts: (null)
         Mounting FUSE Control File System...
         Starting Apply Kernel Variables...
[[0;32m  OK  [0m] Mounted FUSE Control File System.
[[0;32m  OK  [0m] Started Remount Root and Kernel File Systems.
         Starting Flush Journal to Persistent Storage...
         Starting Load/Save Random Seed...
         Starting udev Coldplug all Devices...
[[0;32m  OK  [0m] Started Load/Save Random Seed.
[    9.316979] systemd-journald[406]: Received request to flush runtime journal from PID 1
[[0;32m  OK  [0m] Started Flush Journal to Persistent Storage.
[[0;32m  OK  [0m] Started Apply Kernel Variables.
[[0;32m  OK  [0m] Started Create Static Device Nodes in /dev.
         Starting udev Kernel Device Manager...
[[0;32m  OK  [0m] Started udev Coldplug all Devices.
[[0;32m  OK  [0m] Started udev Kernel Device Manager.
[[0;32m  OK  [0m] Started Dispatch Password Requests to Console Directory Watch.
[[0;32m  OK  [0m] Found device /dev/ttyS0.
[[0;32m  OK  [0m] Listening on Load/Save RF Kill Switch Status /dev/rfkill Watch.
[[0;32m  OK  [0m] Started Monitoring of LVM2 mirrors,...ng dmeventd or progress polling.
[[0;32m  OK  [0m] Reached target Local File Systems (Pre).
[[0;32m  OK  [0m] Reached target Local File Systems.
         Starting LSB: AppArmor initialization...
         Starting Initial cloud-init job (pre-networking)...
         Starting Create Volatile Files and Directories...
         Starting Set console font and keymap...
         Starting Tell Plymouth To Write Out Runtime Data...
[[0;32m  OK  [0m] Started Create Volatile Files and Directories.
[[0;32m  OK  [0m] Started Tell Plymouth To Write Out Runtime Data.
         Starting Update UTMP about System Boot/Shutdown...
[[0;32m  OK  [0m] Found device 82540EM Gigabit Ethern...r (PRO/1000 MT Desktop Adapter).
[[0;32m  OK  [0m] Started Update UTMP about System Boot/Shutdown.
[[0;32m  OK  [0m] Started LSB: AppArmor initialization.
         Starting Load AppArmor profiles managed internally by snapd...
[[0;32m  OK  [0m] Started Load AppArmor profiles managed internally by snapd.
[[0;32m  OK  [0m] Started Set console font and keymap.
[[0;32m  OK  [0m] Created slice system-getty.slice.
[   10.515873] cloud-init[612]: Cloud-init v. 21.1-19-gbad84ad4-0ubuntu1~16.04.2 running 'init-local' at Sat, 15 Oct 2022 11:40:13 +0000. Up 10.31 seconds.
[[0;32m  OK  [0m] Started Initial cloud-init job (pre-networking).
[[0;32m  OK  [0m] Reached target Network (Pre).
         Starting Raise network interfaces...
[[0;32m  OK  [0m] Started ifup for enp0s3.
[[0;32m  OK  [0m] Started Raise network interfaces.
[[0;32m  OK  [0m] Reached target Network.
         Starting Initial cloud-init job (metadata service crawler)...
[   11.276478] cloud-init[982]: Cloud-init v. 21.1-19-gbad84ad4-0ubuntu1~16.04.2 running 'init' at Sat, 15 Oct 2022 11:40:13 +0000. Up 11.04 seconds.
[   11.278111] cloud-init[982]: ci-info: ++++++++++++++++++++++++++++++++++++++Net device info++++++++++++++++++++++++++++++++++++++
[   11.279589] cloud-init[982]: ci-info: +--------+------+----------------------------+---------------+--------+-------------------+
[   11.281351] cloud-init[982]: ci-info: | Device |  Up  |          Address           |      Mask     | Scope  |     Hw-Address    |
[   11.289217] cloud-init[982]: ci-info: +--------+------+----------------------------+---------------+--------+-------------------+
[   11.297132] cloud-init[982]: ci-info: | enp0s3 | True |         10.0.2.15          | 255.255.255.0 | global | 02:be:82:6b:cc:1d |
[   11.298778] cloud-init[982]: ci-info: | enp0s3 | True | fe80::be:82ff:fe6b:cc1d/64 |       .       |  link  | 02:be:82:6b:cc:1d |
[   11.304964] cloud-init[982]: ci-info: |   lo   | True |         127.0.0.1          |   255.0.0.0   |  host  |         .         |
[   11.306537] cloud-init[982]: ci-info: |   lo   | True |          ::1/128           |       .       |  host  |         .         |
[   11.308241] cloud-init[982]: ci-info: +--------+------+----------------------------+---------------+--------+-------------------+
[   11.309870] cloud-init[982]: ci-info: +++++++++++++++++++++++++++Route IPv4 info++++++++++++++++++++++++++++
[   11.311191] cloud-init[982]: ci-info: +-------+-------------+----------+---------------+-----------+-------+
[   11.312978] cloud-init[982]: ci-info: | Route | Destination | Gateway  |    Genmask    | Interface | Flags |
[   11.320571] cloud-init[982]: ci-info: +-------+-------------+----------+---------------+-----------+-------+
[   11.321875] cloud-init[982]: ci-info: |   0   |   0.0.0.0   | 10.0.2.2 |    0.0.0.0    |   enp0s3  |   UG  |
[   11.323461] cloud-init[982]: ci-info: |   1   |   10.0.2.0  | 0.0.0.0  | 255.255.255.0 |   enp0s3  |   U   |
[   11.325166] cloud-init[982]: ci-info: +-------+-------------+----------+---------------+-----------+-------+
[   11.326545] cloud-init[982]: ci-info: +++++++++++++++++++Route IPv6 info+++++++++++++++++++
[   11.327679] cloud-init[982]: ci-info: +-------+-------------+---------+-----------+-------+
[   11.328964] cloud-init[982]: ci-info: | Route | Destination | Gateway | Interface | Flags |
[   11.330122] cloud-init[982]: ci-info: +-------+-------------+---------+-----------+-------+
[   11.332059] cloud-init[982]: ci-info: |   0   |  fe80::/64  |    ::   |   enp0s3  |   U   |
[   11.341033] cloud-init[982]: ci-info: |   3   |   ff00::/8  |    ::   |   enp0s3  |   U   |
[   11.342587] cloud-init[982]: ci-info: +-------+-------------+---------+-----------+-------+
[[0;32m  OK  [0m] Started Initial cloud-init job (metadata service crawler).
[[0;32m  OK  [0m] Reached target Network is Online.
         Starting iSCSI initiator daemon (iscsid)...
[[0;32m  OK  [0m] Reached target Cloud-config availability.
[[0;32m  OK  [0m] Reached target System Initialization.
[[0;32m  OK  [0m] Started Message of the Day.
[[0;32m  OK  [0m] Started Daily apt download activities.
         Starting LXD - unix socket.
[[0;32m  OK  [0m] Listening on D-Bus System Message Bus Socket.
[[0;32m  OK  [0m] Started Ubuntu Advantage Timer for running repeated jobs.
[[0;32m  OK  [0m] Started Daily Cleanup of Temporary Directories.
[[0;32m  OK  [0m] Listening on UUID daemon activation socket.
         Starting Socket activation for snappy daemon.
[[0;32m  OK  [0m] Started Daily apt upgrade and clean activities.
[[0;32m  OK  [0m] Listening on ACPID Listen Socket.
[[0;32m  OK  [0m] Reached target Timers.
[[0;32m  OK  [0m] Started ACPI Events Check.
[[0;32m  OK  [0m] Reached target Paths.
[[0;32m  OK  [0m] Listening on LXD - unix socket.
[[0;32m  OK  [0m] Listening on Socket activation for snappy daemon.
[[0;32m  OK  [0m] Reached target Sockets.
[[0;32m  OK  [0m] Reached target Basic System.
         Starting Login Service...
         Starting Message of the Day...
         Starting LSB: MD monitoring daemon...
         Starting /etc/rc.local Compatibility...
[[0;32m  OK  [0m] Started Deferred execution scheduler.
[[0;32m  OK  [0m] Started FUSE filesystem for LXC.
         Starting Virtualbox guest utils...
         Starting OpenBSD Secure Shell server...
         Starting Snap Daemon...
[[0;32m  OK  [0m] Started ACPI event daemon.
[[0;32m  OK  [0m] Started D-Bus System Message Bus.
         Starting Accounts Service...
[[0;32m  OK  [0m] Started Regular background program processing daemon.
         Starting LSB: Record successful boot for GRUB...
         Starting System Logging Service...
         Starting LXD - container startup/shutdown...
[[0;32m  OK  [0m] Started iSCSI initiator daemon (iscsid).
[[0;32m  OK  [0m] Started Message of the Day.
[[0;32m  OK  [0m] Started /etc/rc.local Compatibility.
         Starting Login to default iSCSI targets...
[[0;32m  OK  [0m] Started Login Service.
[[0;32m  OK  [0m] Started Unattended Upgrades Shutdown.
[[0;32m  OK  [0m] Started OpenBSD Secure Shell server.
[[0;32m  OK  [0m] Started LSB: MD monitoring daemon.
[[0;32m  OK  [0m] Started System Logging Service.
[[0;32m  OK  [0m] Started LSB: Record successful boot for GRUB.
[[0;32m  OK  [0m] Started Login to default iSCSI targets.
[[0;32m  OK  [0m] Reached target Remote File Systems (Pre).
         Mounting /vagrant...
         Mounting /home/vagrant/workspace...
[[0;1;31mFAILED[0m] Failed to mount /home/vagrant/workspace.
See 'systemctl status home-vagrant-workspace.mount' for details.
[[0;1;33mDEPEND[0m] Dependency failed for Remote File Systems.
         Starting Permit User Sessions...
         Starting LSB: Set the CPU Frequency Scaling governor to "ondemand"...
         Starting LSB: automatic crash report generation...
         Starting LSB: daemon to balance interrupts for SMP systems...
[[0;1;31mFAILED[0m] Failed to mount /vagrant.
See 'systemctl status vagrant.mount' for details.
[[0;32m  OK  [0m] Started Permit User Sessions.
         Starting Hold until boot process finishes up...
         Starting Terminate Plymouth Boot Screen...
[[0;32m  OK  [0m] Started Hold until boot process finishes up.
[[0;32m  OK  [0m] Started Terminate Plymouth Boot Screen.
         Starting Authenticate and Authorize Users to Run Privileged Tasks...
[[0;32m  OK  [0m] Started Getty on tty1.
         Starting Set console scheme...
[[0;32m  OK  [0m] Started Serial Getty on ttyS0.
[[0;32m  OK  [0m] Reached target Login Prompts.
[[0;32m  OK  [0m] Started LSB: Set the CPU Frequency Scaling governor to "ondemand".
[[0;32m  OK  [0m] Started Set console scheme.
[[0;32m  OK  [0m] Started LSB: automatic crash report generation.
[[0;32m  OK  [0m] Started LSB: daemon to balance interrupts for SMP systems.
[[0;32m  OK  [0m] Started Authenticate and Authorize Users to Run Privileged Tasks.
[[0;32m  OK  [0m] Started Accounts Service.
[[0;32m  OK  [0m] Started Virtualbox guest utils.
[[0;32m  OK  [0m] Started LXD - container startup/shutdown.
[[0;32m  OK  [0m] Started Snap Daemon.
         Starting Wait until snapd is fully seeded...
[[0;32m  OK  [0m] Started Wait until snapd is fully seeded.
         Starting Apply the settings specified in cloud-config...
[   12.231995] cloud-init[1252]: Cloud-init v. 21.1-19-gbad84ad4-0ubuntu1~16.04.2 running 'modules:config' at Sat, 15 Oct 2022 11:40:14 +0000. Up 12.15 seconds.
[[0;32m  OK  [0m] Started Apply the settings specified in cloud-config.
         Starting cloud-id shim...
[[0;32m  OK  [0m] Created slice User Slice of vagrant.
         Starting User Manager for UID 1000...
[[0;32m  OK  [0m] Started Session 1 of user vagrant.
[[0;32m  OK  [0m] Started User Manager for UID 1000.
[[0;32m  OK  [0m] Started cloud-id shim.
[[0;32m  OK  [0m] Reached target Multi-User System.
[[0;32m  OK  [0m] Reached target Graphical Interface.
         Starting Update UTMP about System Runlevel Changes...
         Starting Execute cloud user/final scripts...
[[0;32m  OK  [0m] Started Update UTMP about System Runlevel Changes.
[   12.942080] cloud-init[1336]: Cloud-init v. 21.1-19-gbad84ad4-0ubuntu1~16.04.2 running 'modules:final' at Sat, 15 Oct 2022 11:40:15 +0000. Up 12.80 seconds.
[   12.944690] cloud-init[1336]: Cloud-init v. 21.1-19-gbad84ad4-0ubuntu1~16.04.2 finished at Sat, 15 Oct 2022 11:40:15 +0000. Datasource DataSourceNoCloud [seed=/dev/sdb][dsmode=net].  Up 12.93 seconds
[[0;32m  OK  [0m] Started Execute cloud user/final scripts.
[[0;32m  OK  [0m] Reached target Cloud-init target.
         Starting Daily apt download activities...

Ubuntu 16.04.7 LTS ubuntu-xenial ttyS0

ubuntu-xenial login: 